---------------------------------------------------------------
[ 2019-09-04T00:30:39+08:00 ] 47.101.197.33 GET c.yaoget.cn/
[运行时间：0.041198s] [吞吐率：24.27req/s] [内存消耗：3,872.29kb] [文件加载：128]
[ info ] [ BEHAVIOR ] Run Closure @app_init [ RunTime:0.000017s ]
[ info ] [ CACHE ] INIT File
[ info ] [ BEHAVIOR ] Run Closure @app_init [ RunTime:0.001042s ]
[ info ] [ LANG ] /www/wwwroot/c.yaoget.cn/thinkphp/lang/zh-cn.php
[ info ] [ ROUTE ] array (
  'type' => 'module',
  'module' => 
  array (
    0 => '',
    1 => NULL,
    2 => NULL,
  ),
)
[ info ] [ HEADER ] array (
  'accept-encoding' => 'gzip',
  'connection' => 'Keep-Alive',
  'host' => 'c.yaoget.cn',
  'user-agent' => 'Mozilla/5.0 (X11; Ubuntu; Linux x86_64; rv:36.0) Gecko/20100101 Firefox/36.0',
  'content-type' => '',
  'content-length' => '',
)
[ info ] [ PARAM ] array (
)
[ info ] [ LANG ] /www/wwwroot/c.yaoget.cn/public/../application/index/lang/zh-cn.php
[ info ] [ BEHAVIOR ] Run app\common\behavior\Common @module_init [ RunTime:0.001279s ]
[ info ] [ SESSION ] INIT array (
  'id' => '',
  'var_session_id' => '',
  'prefix' => 'think',
  'type' => '',
  'auto_start' => true,
)
[ info ] [ LANG ] /www/wwwroot/c.yaoget.cn/public/../application/index/lang/zh-cn/index.php
[ info ] [ RUN ] app\index\controller\Index->index[ /www/wwwroot/c.yaoget.cn/application/index/controller/Index.php ]
[ info ] [ DB ] INIT mysql
[ info ] [ VIEW ] /www/wwwroot/c.yaoget.cn/public/../application/index/view/index/home.html [ array (
  0 => 'user',
  1 => 'site',
  2 => 'config',
  3 => 'cate',
  4 => 'banner',
  5 => 'course',
  6 => 'authstatus',
  7 => 'info',
  8 => 'notice',
) ]
[ info ] [ LOG ] INIT File
[ sql ] [ DB ] CONNECT:[ UseTime:0.000323s ] mysql:host=127.0.0.1;dbname=happiness;charset=utf8
[ sql ] [ SQL ] SHOW COLUMNS FROM `h_userinfo` [ RunTime:0.000867s ]
[ sql ] [ SQL ] SELECT * FROM `h_userinfo` WHERE  `openid` IS NULL LIMIT 1 [ RunTime:0.000279s ]
[ sql ] [ SQL ] SELECT * FROM `h_userinfo` WHERE  `openid` IS NULL LIMIT 1 [ RunTime:0.000272s ]
[ sql ] [ SQL ] SHOW COLUMNS FROM `h_advertising` [ RunTime:0.000506s ]
[ sql ] [ SQL ] SELECT * FROM `h_advertising` [ RunTime:0.000176s ]
[ sql ] [ SQL ] SHOW COLUMNS FROM `h_category` [ RunTime:0.000703s ]
[ sql ] [ SQL ] SELECT * FROM `h_category` WHERE  `type` = 'default'  AND `pid` = 0 [ RunTime:0.000218s ]
[ sql ] [ SQL ] SHOW COLUMNS FROM `h_course` [ RunTime:0.000640s ]
[ sql ] [ SQL ] SELECT `c`.`name`,`ce`.* FROM `h_course` `ce` INNER JOIN `h_category` `c` ON `c`.`id`=`ce`.`category_id` WHERE  `c`.`type` = 'course'  AND `c`.`pid` = 0 ORDER BY `ce`.`studynum` DESC [ RunTime:0.000203s ]
[ sql ] [ SQL ] SHOW COLUMNS FROM `h_notice` [ RunTime:0.000595s ]
[ sql ] [ SQL ] SELECT * FROM `h_notice` [ RunTime:0.000167s ]
[ sql ] [ SQL ] SHOW COLUMNS FROM `h_chapter` [ RunTime:0.000533s ]
[ sql ] [ SQL ] SELECT * FROM `h_chapter` WHERE  `course_id` = 5 [ RunTime:0.000317s ]
[ sql ] [ SQL ] SELECT * FROM `h_chapter` WHERE  `course_id` = 6 [ RunTime:0.000169s ]
---------------------------------------------------------------
[ 2019-09-04T00:30:39+08:00 ] 47.101.197.33 GET c.yaoget.cn/addons/wechat/index/oauth
[运行时间：0.042447s] [吞吐率：23.56req/s] [内存消耗：4,526.30kb] [文件加载：197]
[ info ] [ BEHAVIOR ] Run Closure @app_init [ RunTime:0.000015s ]
[ info ] [ CACHE ] INIT File
[ info ] [ BEHAVIOR ] Run Closure @app_init [ RunTime:0.000944s ]
[ info ] [ LANG ] /www/wwwroot/c.yaoget.cn/thinkphp/lang/zh-cn.php
[ info ] [ ROUTE ] array (
  'type' => 'method',
  'method' => 
  array (
    0 => '\\think\\addons\\Route',
    1 => 'execute',
  ),
  'var' => 
  array (
  ),
)
[ info ] [ HEADER ] array (
  'accept-encoding' => 'gzip',
  'connection' => 'Keep-Alive',
  'host' => 'c.yaoget.cn',
  'user-agent' => 'Mozilla/5.0 (X11; Ubuntu; Linux x86_64; rv:36.0) Gecko/20100101 Firefox/36.0',
  'content-type' => '',
  'content-length' => '',
)
[ info ] [ PARAM ] array (
  'addon' => 'wechat',
  'controller' => 'index',
  'action' => 'oauth',
)
[ info ] [ RUN ] think\addons\Route->execute[ /www/wwwroot/c.yaoget.cn/vendor/karsonzhang/fastadmin-addons/src/addons/Route.php ]
[ info ] [ LANG ] /www/wwwroot/c.yaoget.cn/public/../application/common/lang/zh-cn/addon.php
[ info ] [ BEHAVIOR ] Run app\common\behavior\Common @addon_begin [ RunTime:0.001345s ]
[ info ] [ SESSION ] INIT array (
  'id' => '',
  'var_session_id' => '',
  'prefix' => 'think',
  'type' => '',
  'auto_start' => true,
)
[ info ] [ LOG ] INIT File
---------------------------------------------------------------
[ 2019-09-04T08:18:00+08:00 ] 117.82.111.174 GET c.yaoget.cn/
[运行时间：0.039046s] [吞吐率：25.61req/s] [内存消耗：3,873.50kb] [文件加载：128]
[ info ] [ BEHAVIOR ] Run Closure @app_init [ RunTime:0.000016s ]
[ info ] [ CACHE ] INIT File
[ info ] [ BEHAVIOR ] Run Closure @app_init [ RunTime:0.000946s ]
[ info ] [ LANG ] /www/wwwroot/c.yaoget.cn/thinkphp/lang/zh-cn.php
[ info ] [ ROUTE ] array (
  'type' => 'module',
  'module' => 
  array (
    0 => '',
    1 => NULL,
    2 => NULL,
  ),
)
[ info ] [ HEADER ] array (
  'accept-encoding' => 'br, gzip, deflate',
  'accept-language' => 'zh-cn',
  'accept' => 'text/html,application/xhtml+xml,application/xml;q=0.9,*/*;q=0.8',
  'user-agent' => 'Mozilla/5.0 (iPhone; CPU iPhone OS 12_2 like Mac OS X) AppleWebKit/605.1.15 (KHTML, like Gecko) Mobile/15E148 MicroMessenger/7.0.3(0x17000321) NetType/WIFI Language/zh_CN',
  'host' => 'c.yaoget.cn',
  'content-type' => '',
  'content-length' => '',
)
[ info ] [ PARAM ] array (
)
[ info ] [ LANG ] /www/wwwroot/c.yaoget.cn/public/../application/index/lang/zh-cn.php
[ info ] [ BEHAVIOR ] Run app\common\behavior\Common @module_init [ RunTime:0.001209s ]
[ info ] [ SESSION ] INIT array (
  'id' => '',
  'var_session_id' => '',
  'prefix' => 'think',
  'type' => '',
  'auto_start' => true,
)
[ info ] [ LANG ] /www/wwwroot/c.yaoget.cn/public/../application/index/lang/zh-cn/index.php
[ info ] [ RUN ] app\index\controller\Index->index[ /www/wwwroot/c.yaoget.cn/application/index/controller/Index.php ]
[ info ] [ DB ] INIT mysql
[ info ] [ VIEW ] /www/wwwroot/c.yaoget.cn/public/../application/index/view/index/home.html [ array (
  0 => 'user',
  1 => 'site',
  2 => 'config',
  3 => 'cate',
  4 => 'banner',
  5 => 'course',
  6 => 'authstatus',
  7 => 'info',
  8 => 'notice',
) ]
[ info ] [ LOG ] INIT File
[ sql ] [ DB ] CONNECT:[ UseTime:0.000348s ] mysql:host=127.0.0.1;dbname=happiness;charset=utf8
[ sql ] [ SQL ] SHOW COLUMNS FROM `h_userinfo` [ RunTime:0.000712s ]
[ sql ] [ SQL ] SELECT * FROM `h_userinfo` WHERE  `openid` IS NULL LIMIT 1 [ RunTime:0.000363s ]
[ sql ] [ SQL ] SELECT * FROM `h_userinfo` WHERE  `openid` IS NULL LIMIT 1 [ RunTime:0.000179s ]
[ sql ] [ SQL ] SHOW COLUMNS FROM `h_advertising` [ RunTime:0.000447s ]
[ sql ] [ SQL ] SELECT * FROM `h_advertising` [ RunTime:0.000228s ]
[ sql ] [ SQL ] SHOW COLUMNS FROM `h_category` [ RunTime:0.000484s ]
[ sql ] [ SQL ] SELECT * FROM `h_category` WHERE  `type` = 'default'  AND `pid` = 0 [ RunTime:0.000182s ]
[ sql ] [ SQL ] SHOW COLUMNS FROM `h_course` [ RunTime:0.000600s ]
[ sql ] [ SQL ] SELECT `c`.`name`,`ce`.* FROM `h_course` `ce` INNER JOIN `h_category` `c` ON `c`.`id`=`ce`.`category_id` WHERE  `c`.`type` = 'course'  AND `c`.`pid` = 0 ORDER BY `ce`.`studynum` DESC [ RunTime:0.000227s ]
[ sql ] [ SQL ] SHOW COLUMNS FROM `h_notice` [ RunTime:0.000559s ]
[ sql ] [ SQL ] SELECT * FROM `h_notice` [ RunTime:0.000161s ]
[ sql ] [ SQL ] SHOW COLUMNS FROM `h_chapter` [ RunTime:0.000505s ]
[ sql ] [ SQL ] SELECT * FROM `h_chapter` WHERE  `course_id` = 5 [ RunTime:0.000160s ]
[ sql ] [ SQL ] SELECT * FROM `h_chapter` WHERE  `course_id` = 6 [ RunTime:0.000160s ]
---------------------------------------------------------------
[ 2019-09-04T08:18:00+08:00 ] 117.82.111.174 GET c.yaoget.cn/addons/wechat/index/oauth
[运行时间：0.044505s] [吞吐率：22.47req/s] [内存消耗：4,531.30kb] [文件加载：197]
[ info ] [ BEHAVIOR ] Run Closure @app_init [ RunTime:0.000016s ]
[ info ] [ CACHE ] INIT File
[ info ] [ BEHAVIOR ] Run Closure @app_init [ RunTime:0.000962s ]
[ info ] [ LANG ] /www/wwwroot/c.yaoget.cn/thinkphp/lang/zh-cn.php
[ info ] [ ROUTE ] array (
  'type' => 'method',
  'method' => 
  array (
    0 => '\\think\\addons\\Route',
    1 => 'execute',
  ),
  'var' => 
  array (
  ),
)
[ info ] [ HEADER ] array (
  'cookie' => 'PHPSESSID=kdihu17bongqp28d7eqhrttbds',
  'accept-encoding' => 'br, gzip, deflate',
  'accept-language' => 'zh-cn',
  'user-agent' => 'Mozilla/5.0 (iPhone; CPU iPhone OS 12_2 like Mac OS X) AppleWebKit/605.1.15 (KHTML, like Gecko) Mobile/15E148 MicroMessenger/7.0.3(0x17000321) NetType/WIFI Language/zh_CN',
  'accept' => 'text/html,application/xhtml+xml,application/xml;q=0.9,*/*;q=0.8',
  'host' => 'c.yaoget.cn',
  'content-type' => '',
  'content-length' => '',
)
[ info ] [ PARAM ] array (
  'addon' => 'wechat',
  'controller' => 'index',
  'action' => 'oauth',
)
[ info ] [ RUN ] think\addons\Route->execute[ /www/wwwroot/c.yaoget.cn/vendor/karsonzhang/fastadmin-addons/src/addons/Route.php ]
[ info ] [ LANG ] /www/wwwroot/c.yaoget.cn/public/../application/common/lang/zh-cn/addon.php
[ info ] [ BEHAVIOR ] Run app\common\behavior\Common @addon_begin [ RunTime:0.001337s ]
[ info ] [ SESSION ] INIT array (
  'id' => '',
  'var_session_id' => '',
  'prefix' => 'think',
  'type' => '',
  'auto_start' => true,
)
[ info ] [ LOG ] INIT File
---------------------------------------------------------------
[ 2019-09-04T09:07:05+08:00 ] 117.82.111.174 GET c.yaoget.cn/
[运行时间：0.040459s] [吞吐率：24.72req/s] [内存消耗：3,873.50kb] [文件加载：128]
[ info ] [ BEHAVIOR ] Run Closure @app_init [ RunTime:0.000021s ]
[ info ] [ CACHE ] INIT File
[ info ] [ BEHAVIOR ] Run Closure @app_init [ RunTime:0.000998s ]
[ info ] [ LANG ] /www/wwwroot/c.yaoget.cn/thinkphp/lang/zh-cn.php
[ info ] [ ROUTE ] array (
  'type' => 'module',
  'module' => 
  array (
    0 => '',
    1 => NULL,
    2 => NULL,
  ),
)
[ info ] [ HEADER ] array (
  'accept-encoding' => 'br, gzip, deflate',
  'accept-language' => 'zh-cn',
  'accept' => 'text/html,application/xhtml+xml,application/xml;q=0.9,*/*;q=0.8',
  'user-agent' => 'Mozilla/5.0 (iPhone; CPU iPhone OS 12_2 like Mac OS X) AppleWebKit/605.1.15 (KHTML, like Gecko) Mobile/15E148 MicroMessenger/7.0.3(0x17000321) NetType/WIFI Language/zh_CN',
  'host' => 'c.yaoget.cn',
  'content-type' => '',
  'content-length' => '',
)
[ info ] [ PARAM ] array (
)
[ info ] [ LANG ] /www/wwwroot/c.yaoget.cn/public/../application/index/lang/zh-cn.php
[ info ] [ BEHAVIOR ] Run app\common\behavior\Common @module_init [ RunTime:0.001263s ]
[ info ] [ SESSION ] INIT array (
  'id' => '',
  'var_session_id' => '',
  'prefix' => 'think',
  'type' => '',
  'auto_start' => true,
)
[ info ] [ LANG ] /www/wwwroot/c.yaoget.cn/public/../application/index/lang/zh-cn/index.php
[ info ] [ RUN ] app\index\controller\Index->index[ /www/wwwroot/c.yaoget.cn/application/index/controller/Index.php ]
[ info ] [ DB ] INIT mysql
[ info ] [ VIEW ] /www/wwwroot/c.yaoget.cn/public/../application/index/view/index/home.html [ array (
  0 => 'user',
  1 => 'site',
  2 => 'config',
  3 => 'cate',
  4 => 'banner',
  5 => 'course',
  6 => 'authstatus',
  7 => 'info',
  8 => 'notice',
) ]
[ info ] [ LOG ] INIT File
[ sql ] [ DB ] CONNECT:[ UseTime:0.000434s ] mysql:host=127.0.0.1;dbname=happiness;charset=utf8
[ sql ] [ SQL ] SHOW COLUMNS FROM `h_userinfo` [ RunTime:0.000726s ]
[ sql ] [ SQL ] SELECT * FROM `h_userinfo` WHERE  `openid` IS NULL LIMIT 1 [ RunTime:0.000456s ]
[ sql ] [ SQL ] SELECT * FROM `h_userinfo` WHERE  `openid` IS NULL LIMIT 1 [ RunTime:0.000168s ]
[ sql ] [ SQL ] SHOW COLUMNS FROM `h_advertising` [ RunTime:0.000478s ]
[ sql ] [ SQL ] SELECT * FROM `h_advertising` [ RunTime:0.000228s ]
[ sql ] [ SQL ] SHOW COLUMNS FROM `h_category` [ RunTime:0.000475s ]
[ sql ] [ SQL ] SELECT * FROM `h_category` WHERE  `type` = 'default'  AND `pid` = 0 [ RunTime:0.000207s ]
[ sql ] [ SQL ] SHOW COLUMNS FROM `h_course` [ RunTime:0.000556s ]
[ sql ] [ SQL ] SELECT `c`.`name`,`ce`.* FROM `h_course` `ce` INNER JOIN `h_category` `c` ON `c`.`id`=`ce`.`category_id` WHERE  `c`.`type` = 'course'  AND `c`.`pid` = 0 ORDER BY `ce`.`studynum` DESC [ RunTime:0.000210s ]
[ sql ] [ SQL ] SHOW COLUMNS FROM `h_notice` [ RunTime:0.000546s ]
[ sql ] [ SQL ] SELECT * FROM `h_notice` [ RunTime:0.000146s ]
[ sql ] [ SQL ] SHOW COLUMNS FROM `h_chapter` [ RunTime:0.000481s ]
[ sql ] [ SQL ] SELECT * FROM `h_chapter` WHERE  `course_id` = 5 [ RunTime:0.000172s ]
[ sql ] [ SQL ] SELECT * FROM `h_chapter` WHERE  `course_id` = 6 [ RunTime:0.000158s ]
---------------------------------------------------------------
[ 2019-09-04T09:07:05+08:00 ] 117.82.111.174 GET c.yaoget.cn/addons/wechat/index/oauth
[运行时间：0.044649s] [吞吐率：22.40req/s] [内存消耗：4,531.30kb] [文件加载：197]
[ info ] [ BEHAVIOR ] Run Closure @app_init [ RunTime:0.000019s ]
[ info ] [ CACHE ] INIT File
[ info ] [ BEHAVIOR ] Run Closure @app_init [ RunTime:0.001007s ]
[ info ] [ LANG ] /www/wwwroot/c.yaoget.cn/thinkphp/lang/zh-cn.php
[ info ] [ ROUTE ] array (
  'type' => 'method',
  'method' => 
  array (
    0 => '\\think\\addons\\Route',
    1 => 'execute',
  ),
  'var' => 
  array (
  ),
)
[ info ] [ HEADER ] array (
  'cookie' => 'PHPSESSID=sujevjs7v4jspldmaqmjcf5235',
  'accept-encoding' => 'br, gzip, deflate',
  'accept-language' => 'zh-cn',
  'user-agent' => 'Mozilla/5.0 (iPhone; CPU iPhone OS 12_2 like Mac OS X) AppleWebKit/605.1.15 (KHTML, like Gecko) Mobile/15E148 MicroMessenger/7.0.3(0x17000321) NetType/WIFI Language/zh_CN',
  'accept' => 'text/html,application/xhtml+xml,application/xml;q=0.9,*/*;q=0.8',
  'host' => 'c.yaoget.cn',
  'content-type' => '',
  'content-length' => '',
)
[ info ] [ PARAM ] array (
  'addon' => 'wechat',
  'controller' => 'index',
  'action' => 'oauth',
)
[ info ] [ RUN ] think\addons\Route->execute[ /www/wwwroot/c.yaoget.cn/vendor/karsonzhang/fastadmin-addons/src/addons/Route.php ]
[ info ] [ LANG ] /www/wwwroot/c.yaoget.cn/public/../application/common/lang/zh-cn/addon.php
[ info ] [ BEHAVIOR ] Run app\common\behavior\Common @addon_begin [ RunTime:0.001380s ]
[ info ] [ SESSION ] INIT array (
  'id' => '',
  'var_session_id' => '',
  'prefix' => 'think',
  'type' => '',
  'auto_start' => true,
)
[ info ] [ LOG ] INIT File
